
> @visioncanvas/web@1.0.0 build C:\Users\pc\OneDrive\Desktop\Air canvas\apps\web
> next build

  ▲ Next.js 14.2.35

   Creating an optimized production build ...
 ✓ Compiled successfully
   Linting and checking validity of types ...
 ⚠ TypeScript project references are not fully supported. Attempting to build in incremental mode.
   Collecting page data ...
   Generating static pages (0/4) ...
   Generating static pages (1/4) 
   Generating static pages (2/4) 
   Generating static pages (3/4) 
 ✓ Generating static pages (4/4)
   Finalizing page optimization ...
   Collecting build traces ...

Route (app)                              Size     First Load JS
┌ ○ /                                    27.8 kB         115 kB
└ ○ /_not-found                          872 B          88.1 kB
+ First Load JS shared by all            87.3 kB
  ├ chunks/5b8f0dd8-06695914d1228e0c.js  53.6 kB
  ├ chunks/749-8abe913fa6cd54f8.js       31.7 kB
  └ other shared chunks (total)          1.9 kB


○  (Static)  prerendered as static content

